<?xml version="1.0" encoding="UTF-8"?>
<testsuite xmlns:xsi="http://www.w3.org/2001/XMLSchema-instance" xsi:noNamespaceSchemaLocation="https://maven.apache.org/surefire/maven-surefire-plugin/xsd/surefire-test-report.xsd" name="controllers.SummerCampControllerTest" time="0.068" tests="3" errors="1" skipped="0" failures="0">
  <properties>
[...]
</properties>
  <testcase name="testShowIndexReturnsIndex" classname="controllers.SummerCampControllerTest" time="0.034"/>
  <testcase name="testParameterizedPostalCodeInputs" classname="controllers.SummerCampControllerTest" time="0.014">
    <error type="java.lang.NullPointerException">java.lang.NullPointerException
	at controllers.SummerCampControllerTest.isPostWrong(SummerCampControllerTest.java:73)
	at controllers.SummerCampControllerTest.testParameterizedPostalCodeInputs(SummerCampControllerTest.java:69)
</error>
  </testcase>
  <testcase name="testControllerInstance" classname="controllers.SummerCampControllerTest" time="0.003"/>
</testsuite>